0 info it worked if it ends with ok
1 verbose cli [ 'node', '/usr/local/bin/npm', 'update', '-g', 'divshot-cli' ]
2 info using npm@1.4.28
3 info using node@v0.10.32
4 verbose request where is /divshot-cli
5 verbose request registry https://registry.npmjs.org/
6 verbose request id 17c7feaba0ce646c
7 verbose url raw /divshot-cli
8 verbose url resolving [ 'https://registry.npmjs.org/', './divshot-cli' ]
9 verbose url resolved https://registry.npmjs.org/divshot-cli
10 verbose request where is https://registry.npmjs.org/divshot-cli
11 info trying registry request attempt 1 at 15:50:44
12 verbose etag "30CIQWN9UOA59DJ4I9PUW7L9O"
13 http GET https://registry.npmjs.org/divshot-cli
14 http 200 https://registry.npmjs.org/divshot-cli
15 silly registry.get cb [ 200,
15 silly registry.get   { date: 'Sat, 20 Dec 2014 21:50:45 GMT',
15 silly registry.get     server: 'CouchDB/1.5.0 (Erlang OTP/R16B03)',
15 silly registry.get     etag: '"19FE4FX3E4JYTH827JOTH6QXQ"',
15 silly registry.get     'content-type': 'application/json',
15 silly registry.get     'cache-control': 'max-age=60',
15 silly registry.get     'content-length': '246824',
15 silly registry.get     'accept-ranges': 'bytes',
15 silly registry.get     via: '1.1 varnish',
15 silly registry.get     age: '0',
15 silly registry.get     'x-served-by': 'cache-dfw1825-DFW',
15 silly registry.get     'x-cache': 'MISS',
15 silly registry.get     'x-cache-hits': '0',
15 silly registry.get     'x-timer': 'S1419112245.396617,VS0,VE560',
15 silly registry.get     vary: 'Accept',
15 silly registry.get     'keep-alive': 'timeout=10, max=50',
15 silly registry.get     connection: 'Keep-Alive' } ]
16 info outdated updating [ [ '/usr/local/lib',
16 info outdated     'divshot-cli',
16 info outdated     '1.0.8',
16 info outdated     '1.4.1',
16 info outdated     '1.4.1',
16 info outdated     'latest' ] ]
17 verbose install where,what [ '/usr/local/lib', [ 'divshot-cli@1.4.1' ] ]
18 verbose cache add [ 'divshot-cli@1.4.1', null ]
19 verbose cache add name=undefined spec="divshot-cli@1.4.1" args=["divshot-cli@1.4.1",null]
20 verbose parsed url { protocol: null,
20 verbose parsed url   slashes: null,
20 verbose parsed url   auth: null,
20 verbose parsed url   host: null,
20 verbose parsed url   port: null,
20 verbose parsed url   hostname: null,
20 verbose parsed url   hash: null,
20 verbose parsed url   search: null,
20 verbose parsed url   query: null,
20 verbose parsed url   pathname: 'divshot-cli@1.4.1',
20 verbose parsed url   path: 'divshot-cli@1.4.1',
20 verbose parsed url   href: 'divshot-cli@1.4.1' }
21 verbose cache add name="divshot-cli" spec="1.4.1" args=["divshot-cli","1.4.1"]
22 verbose parsed url { protocol: null,
22 verbose parsed url   slashes: null,
22 verbose parsed url   auth: null,
22 verbose parsed url   host: null,
22 verbose parsed url   port: null,
22 verbose parsed url   hostname: null,
22 verbose parsed url   hash: null,
22 verbose parsed url   search: null,
22 verbose parsed url   query: null,
22 verbose parsed url   pathname: '1.4.1',
22 verbose parsed url   path: '1.4.1',
22 verbose parsed url   href: '1.4.1' }
23 verbose addNamed [ 'divshot-cli', '1.4.1' ]
24 verbose addNamed [ '1.4.1', '1.4.1' ]
25 silly lockFile 44628b59-divshot-cli-1-4-1 divshot-cli@1.4.1
26 verbose lock divshot-cli@1.4.1 /Users/trunkclub/.npm/44628b59-divshot-cli-1-4-1.lock
27 silly lockFile 44628b59-divshot-cli-1-4-1 divshot-cli@1.4.1
28 error Error: Attempt to unlock divshot-cli@1.4.1, which hasn't been locked
28 error     at unlock (/usr/local/lib/node_modules/npm/lib/utils/locker.js:44:11)
28 error     at cb (/usr/local/lib/node_modules/npm/lib/cache/add-named.js:32:5)
28 error     at /usr/local/lib/node_modules/npm/lib/cache/add-named.js:41:20
28 error     at /usr/local/lib/node_modules/npm/lib/utils/locker.js:30:7
28 error     at cb (/usr/local/lib/node_modules/npm/node_modules/lockfile/lockfile.js:149:38)
28 error     at /usr/local/lib/node_modules/npm/node_modules/lockfile/lockfile.js:177:38
28 error     at Object.oncomplete (fs.js:107:15)
29 error If you need help, you may report this *entire* log,
29 error including the npm and node versions, at:
29 error     <http://github.com/npm/npm/issues>
30 error System Darwin 14.0.0
31 error command "node" "/usr/local/bin/npm" "update" "-g" "divshot-cli"
32 error cwd /Users/trunkclub/github/walletbeat
33 error node -v v0.10.32
34 error npm -v 1.4.28
35 verbose exit [ 1, true ]
